This is pdfTeX, Version 3.14159265-2.6-1.40.17 (MiKTeX 2.9.6210 64-bit) (preloaded format=pdflatex 2017.1.24)  24 JAN 2017 05:29
entering extended mode
**./Title.tex
(Title.tex
LaTeX2e <2016/03/31> patch level 3
Babel <3.9r> and hyphenation patterns for 75 language(s) loaded.

! LaTeX Error: Environment titlepage undefined.

See the LaTeX manual or LaTeX Companion for explanation.
Type  H <return>  for immediate help.
 ...                                              
                                                  
l.1 \begin{titlepage}
                     
Your command was ignored.
Type  I <command> <return>  to replace it with another command,
or  <return>  to continue without it.


! Package babel Error: Unknown language `english'. Either you have
(babel)                misspelled its name, it has not been installed,
(babel)                or you requested it in a previous run. Fix its name,
(babel)                install it or just rerun the file, respectively.

See the babel package documentation for explanation.
Type  H <return>  for immediate help.
 ...                                              
                                                  
l.2 \selectlanguage{english}
                            
You may proceed, but expect unexpected results


! LaTeX Error: Missing \begin{document}.

See the LaTeX manual or LaTeX Companion for explanation.
Type  H <return>  for immediate help.
 ...                                              
                                                  
l.7   \begin{center}
                     % Center everything on the page
You're in trouble here.  Try typing  <return>  to proceed.
If that doesn't work, type  X <return>  to quit.


Overfull \hbox (20.0pt too wide) in paragraph at lines 7--7
[] 
 []

! Undefined control sequence.
<recently read> \large 
                       
l.12 ...ulatoare, Informatica si Microelectronica}
                                                  \\[0.5cm]
The control sequence at the end of the top line
of your error message was never \def'ed. If you have
misspelled it (e.g., `\hobx'), type `I' and the correct
spelling (e.g., `I\hbox'). Otherwise just continue,
and I'll forget about whatever was undefined.


Overfull \hbox (56.7135pt too wide) in paragraph at lines 12--12
 \OT1/cmr/m/sc/10 Facultatea 
 []


Overfull \hbox (22.9054pt too wide) in paragraph at lines 12--12
 \OT1/cmr/m/sc/10 Cal- 
 []


Overfull \hbox (15.82213pt too wide) in paragraph at lines 12--12
 \OT1/cmr/m/sc/10 cu- 
 []


Overfull \hbox (15.04436pt too wide) in paragraph at lines 12--12
 \OT1/cmr/m/sc/10 la- 
 []


Overfull \hbox (32.97203pt too wide) in paragraph at lines 12--12
 \OT1/cmr/m/sc/10 toare, 
 []


Overfull \hbox (13.96655pt too wide) in paragraph at lines 12--12
 \OT1/cmr/m/sc/10 In- 
 []


Overfull \hbox (21.28879pt too wide) in paragraph at lines 12--12
 \OT1/cmr/m/sc/10 for- 
 []


Overfull \hbox (22.62207pt too wide) in paragraph at lines 12--12
 \OT1/cmr/m/sc/10 mat- 
 []


Overfull \hbox (15.06659pt too wide) in paragraph at lines 12--12
 \OT1/cmr/m/sc/10 ica 
 []


Overfull \hbox (7.59996pt too wide) in paragraph at lines 12--12
 \OT1/cmr/m/sc/10 si 
 []


Overfull \hbox (16.68872pt too wide) in paragraph at lines 12--12
 \OT1/cmr/m/sc/10 Mi- 
 []


Overfull \hbox (21.84431pt too wide) in paragraph at lines 12--12
 \OT1/cmr/m/sc/10 cro- 
 []


Overfull \hbox (25.9776pt too wide) in paragraph at lines 12--12
 \OT1/cmr/m/sc/10 elec- 
 []


Overfull \hbox (27.97763pt too wide) in paragraph at lines 12--12
 \OT1/cmr/m/sc/10 tron- 
 []


Overfull \hbox (15.06659pt too wide) in paragraph at lines 12--12
 \OT1/cmr/m/sc/10 ica 
 []

! Undefined control sequence.
<recently read> \large 
                       
l.13 ...c{\large Universitatea Tehnica a Moldovei}
                                                  \\[1.2cm] % Name of your u...
The control sequence at the end of the top line
of your error message was never \def'ed. If you have
misspelled it (e.g., `\hobx'), type `I' and the correct
spelling (e.g., `I\hbox'). Otherwise just continue,
and I'll forget about whatever was undefined.


Overfull \hbox (70.9607pt too wide) in paragraph at lines 13--13
 []\OT1/cmr/m/sc/10 Universitatea 
 []


Overfull \hbox (40.772pt too wide) in paragraph at lines 13--13
 \OT1/cmr/m/sc/10 Tehnica 
 []


Overfull \hbox (6.13332pt too wide) in paragraph at lines 13--13
 \OT1/cmr/m/sc/10 a 
 []


Overfull \hbox (48.4886pt too wide) in paragraph at lines 13--13
 \OT1/cmr/m/sc/10 Moldovei 
 []

! Undefined control sequence.
<recently read> \Large 
                       
l.16 ...teractive de Dezvoltare a Produselor Soft}
                                                  \\[0.5cm] % Major heading ...
The control sequence at the end of the top line
of your error message was never \def'ed. If you have
misspelled it (e.g., `\hobx'), type `I' and the correct
spelling (e.g., `I\hbox'). Otherwise just continue,
and I'll forget about whatever was undefined.


Overfull \hbox (27.97757pt too wide) in paragraph at lines 16--16
 []\OT1/cmr/m/sc/10 Medii 
 []


Overfull \hbox (13.96655pt too wide) in paragraph at lines 16--16
 \OT1/cmr/m/sc/10 In- 
 []


Overfull \hbox (21.28876pt too wide) in paragraph at lines 16--16
 \OT1/cmr/m/sc/10 ter- 
 []


Overfull \hbox (15.5999pt too wide) in paragraph at lines 16--16
 \OT1/cmr/m/sc/10 ac- 
 []


Overfull \hbox (20.64433pt too wide) in paragraph at lines 16--16
 \OT1/cmr/m/sc/10 tive 
 []


Overfull \hbox (11.82217pt too wide) in paragraph at lines 16--16
 \OT1/cmr/m/sc/10 de 
 []


Overfull \hbox (22.66928pt too wide) in paragraph at lines 16--16
 \OT1/cmr/m/sc/10 Dez- 
 []


Overfull \hbox (39.71088pt too wide) in paragraph at lines 16--16
 \OT1/cmr/m/sc/10 voltare 
 []


Overfull \hbox (6.13332pt too wide) in paragraph at lines 16--16
 \OT1/cmr/m/sc/10 a 
 []


Overfull \hbox (23.34982pt too wide) in paragraph at lines 16--16
 \OT1/cmr/m/sc/10 Pro- 
 []


Overfull \hbox (40.04428pt too wide) in paragraph at lines 16--16
 \OT1/cmr/m/sc/10 duselor 
 []


Overfull \hbox (23.73318pt too wide) in paragraph at lines 16--16
 \OT1/cmr/m/sc/10 Soft 
 []

! Undefined control sequence.
<recently read> \large 
                       
l.17   \textsc{\large Lucrarea de laborator\#1}
                                               \\[0.5cm] % Minor heading suc...
The control sequence at the end of the top line
of your error message was never \def'ed. If you have
misspelled it (e.g., `\hobx'), type `I' and the correct
spelling (e.g., `I\hbox'). Otherwise just continue,
and I'll forget about whatever was undefined.


Overfull \hbox (48.76643pt too wide) in paragraph at lines 17--17
 []\OT1/cmr/m/sc/10 Lucrarea 
 []


Overfull \hbox (11.82217pt too wide) in paragraph at lines 17--17
 \OT1/cmr/m/sc/10 de 
 []


Overfull \hbox (20.84435pt too wide) in paragraph at lines 17--17
 \OT1/cmr/m/sc/10 lab- 
 []


Overfull \hbox (10.13327pt too wide) in paragraph at lines 17--17
 \OT1/cmr/m/sc/10 o- 
 []


Overfull \hbox (15.93326pt too wide) in paragraph at lines 17--17
 \OT1/cmr/m/sc/10 ra- 
 []


Overfull \hbox (32.84421pt too wide) in paragraph at lines 17--17
 \OT1/cmr/m/sc/10 tor#1 
 []

! Undefined control sequence.
l.27   { \LARGE
                \bfseries Version Control Systems si modul de setare a unui ...
The control sequence at the end of the top line
of your error message was never \def'ed. If you have
misspelled it (e.g., `\hobx'), type `I' and the correct
spelling (e.g., `I\hbox'). Otherwise just continue,
and I'll forget about whatever was undefined.


Overfull \hbox (37.6123pt too wide) in paragraph at lines 27--27
 []\OT1/cmr/bx/n/10 Version 
 []


Overfull \hbox (24.27765pt too wide) in paragraph at lines 27--27
 \OT1/cmr/bx/n/10 Con- 
 []


Overfull \hbox (18.1527pt too wide) in paragraph at lines 27--27
 \OT1/cmr/bx/n/10 trol 
 []


Overfull \hbox (20.82765pt too wide) in paragraph at lines 27--27
 \OT1/cmr/bx/n/10 Sys- 
 []


Overfull \hbox (23.86237pt too wide) in paragraph at lines 27--27
 \OT1/cmr/bx/n/10 tems 
 []


Overfull \hbox (7.7305pt too wide) in paragraph at lines 27--27
 \OT1/cmr/bx/n/10 si 
 []


Overfull \hbox (31.62483pt too wide) in paragraph at lines 27--27
 \OT1/cmr/bx/n/10 modul 
 []


Overfull \hbox (11.65967pt too wide) in paragraph at lines 27--27
 \OT1/cmr/bx/n/10 de 
 []


Overfull \hbox (29.87622pt too wide) in paragraph at lines 27--27
 \OT1/cmr/bx/n/10 setare 
 []


Overfull \hbox (5.59023pt too wide) in paragraph at lines 27--27
 \OT1/cmr/bx/n/10 a 
 []


Overfull \hbox (22.04155pt too wide) in paragraph at lines 27--27
 \OT1/cmr/bx/n/10 unui 
 []


Overfull \hbox (30.29987pt too wide) in paragraph at lines 27--27
 \OT1/cmr/bx/n/10 server 
 []

! Undefined control sequence.
l.36       \begin{flushleft} \large
                                   
The control sequence at the end of the top line
of your error message was never \def'ed. If you have
misspelled it (e.g., `\hobx'), type `I' and the correct
spelling (e.g., `I\hbox'). Otherwise just continue,
and I'll forget about whatever was undefined.

Missing character: There is no P in font nullfont!
Missing character: There is no r in font nullfont!
Missing character: There is no e in font nullfont!
Missing character: There is no n in font nullfont!
Missing character: There is no u in font nullfont!
Missing character: There is no m in font nullfont!
Missing character: There is no e in font nullfont!
LaTeX Font Info:    External font `cmex10' loaded for size
(Font)              <7> on input line 40.
LaTeX Font Info:    External font `cmex10' loaded for size
(Font)              <5> on input line 40.
! Undefined control sequence.
l.43       \begin{flushright} \large
                                    
The control sequence at the end of the top line
of your error message was never \def'ed. If you have
misspelled it (e.g., `\hobx'), type `I' and the correct
spelling (e.g., `I\hbox'). Otherwise just continue,
and I'll forget about whatever was undefined.

Missing character: There is no I in font nullfont!
Missing character: There is no r in font nullfont!
Missing character: There is no i in font nullfont!
Missing character: There is no n in font nullfont!
Missing character: There is no a in font nullfont!
Missing character: There is no S in font nullfont!
Missing character: There is no v in font nullfont!
Missing character: There is no e in font nullfont!
Missing character: There is no t in font nullfont!
Missing character: There is no l in font nullfont!
Missing character: There is no a in font nullfont!
Missing character: There is no n in font nullfont!
Missing character: There is no a in font nullfont!

Overfull \hbox (3276.74998pt too wide) in paragraph at lines 35--49
 []$[]$ 
 []


Overfull \hbox (3276.74998pt too wide) in paragraph at lines 35--49
 []$ 
 []


! LaTeX Error: \begin{document} ended by \end{titlepage}.

See the LaTeX manual or LaTeX Companion for explanation.
Type  H <return>  for immediate help.
 ...                                              
                                                  
l.73 \end{titlepage}
                    
Your command was ignored.
Type  I <command> <return>  to replace it with another command,
or  <return>  to continue without it.


! Package babel Error: Unknown language `english'. Either you have
(babel)                misspelled its name, it has not been installed,
(babel)                or you requested it in a previous run. Fix its name,
(babel)                install it or just rerun the file, respectively.

See the babel package documentation for explanation.
Type  H <return>  for immediate help.
 ...                                              
                                                  
l.73 \end{titlepage}
                    
You may proceed, but expect unexpected results

)
! Emergency stop.
<*> ./Title.tex
               
*** (job aborted, no legal \end found)

 
Here is how much of TeX's memory you used:
 20 strings out of 493333
 215 string characters out of 3139223
 55242 words of memory out of 3000000
 3648 multiletter control sequences out of 15000+200000
 4595 words of font info for 17 fonts, out of 3000000 for 9000
 1141 hyphenation exceptions out of 8191
 20i,3n,18p,144b,233s stack positions out of 5000i,500n,10000p,200000b,50000s
!  ==> Fatal error occurred, no output PDF file produced!
